-------------------------------------
Beginning Export of Source Files
Viesnica.mdb
VCS Version 4.1.2
Full Path: H:\ISD\Projekti\Viesnica\Viesnica.mdb
Export Folder: C:\github\MSAcc-Viesnica.mdb\
Performing Full Export
31.07.2025 11:02:05
-------------------------------------
Scanning source files...
No vbe forms found in this database.
No commandbars found in this database.
No shared images found in this database.
No themes found in this database.
No imex specs found in this database.
No table data found in this database.
No table data macros found in this database.
No relations found in this database.
No hidden attributes found in this database.
-------------------------------------
Exporting db connections...   
  Database Connection
[3]
-------------------------------------
Exporting project...          
  Viesnica.mdb
[1]
-------------------------------------
Exporting vb project...       
  db1
[1]
-------------------------------------
Exporting vbe references...   
  stdole
[3]
-------------------------------------
Exporting proj properties...  
  Current Project Properties (Access)
[2]
-------------------------------------
Exporting saved specs...      
  Export-Saraksts
[1]
-------------------------------------
Exporting modules...          
  PersonasData
  maksajumu termini
  stop
  Funkcijas
[4]
-------------------------------------
Exporting db properties...    
  Database Properties (DAO)
[41]
-------------------------------------
Exporting tables...           
  aa_Obj
    Sanitized in 0.001 seconds.
  aa_Obj (SQL)
  dbo_Abs_IzsnDiplSar
  dbo_Apt_vad
    Sanitized in 0.002 seconds.
  dbo_Apt_vad (SQL)
  dbo_aud_Personas
  dbo_crl_Caurlaides
    Sanitized in 0.005 seconds.
  dbo_crl_Caurlaides (SQL)
  dbo_crl_CaurlaidesSql
  dbo_crl_KlientuTipi
  dbo_crl_NrDiapazoni
  dbo_crl_Veidi
  dbo_KA_Nodalas
  dbo_kd_Grupas
  dbo_kd_Kursanti
  dbo_kd_Tames_saturs
    Sanitized in 0.003 seconds.
  dbo_kd_Tames_saturs (SQL)
  dbo_kl_Adresem_RPP
  dbo_kl_Darbibas
  dbo_kl_Kodi
  dbo_kl_Kodi_vl
    Sanitized in 0.001 seconds.
  dbo_kl_Kodi_vl (SQL)
  dbo_kl_Logins
  dbo_kl_LoginsRights
  dbo_kl_v_Login_Rights
  dbo_Ligumi2006
  dbo_Ligumi2013
  dbo_pd_PA_ZK
  dbo_Personas
  dbo_Personas_Cert
  dbo_prot_Protokoli
  dbo_sm_DepLig
  dbo_Spool
  dbo_Spool2000_KA
  dbo_st_Aizliegumi
  dbo_st_Iem_Aizl
  dbo_st_Iemesli
  dbo_st_Stop
  dbo_st_Tiesibas
  dbo_STL_kl_Valsts
  dbo_STL_PersLigData
  dbo_stl_Stud_LastMGR_Data
  dbo_Stop
  dbo_StStat_StudSar_StudTab
  dbo_viesn_Caurlaides
  dbo_Viesn_Inventars
  dbo_Viesn_Inventars1
    Sanitized in 0.002 seconds.
  dbo_Viesn_Inventars1 (SQL)
  dbo_Viesn_Izzinas
  dbo_viesn_kl_Istabas
  dbo_viesn_kl_LBData
  dbo_viesn_kl_LBData_231211
    Sanitized in 0.004 seconds.
  dbo_viesn_kl_LBData_231211 (SQL)
  dbo_Viesn_kl_Saskanotaji
    Sanitized in 0.003 seconds.
  dbo_Viesn_kl_Saskanotaji (SQL)
  dbo_viesn_Ligumi
  dbo_viesn_Ligumi_Inv
  dbo_viesn_Ligumi_Istabas
  dbo_viesn_Ligumi_Komentari
  dbo_viesn_Ligumi_PApr
  dbo_viesn_Ligumi_PApr_Maksajumi
  dbo_viesn_Ligumi_VValstis
  dbo_viesn_Maksajumi
  dbo_viesn_MPazinojumi
  dbo_Viesn_MZAkts
  dbo_Viesn_MZAkts_saturs
  dbo_Viesn_PAprikojums
  dbo_Viesn_Rezervesana
  dbo_Viesn_Rezervesana_del
  tmp_ApmParadnieki_UzDat
    Sanitized in 0.004 seconds.
  tmp_ApmParadnieki_UzDat (SQL)
  tmp_IB_LigBezPID
    Sanitized in 0.002 seconds.
  tmp_IB_LigBezPID (SQL)
  tmp_KA_cdata
    Sanitized in 0.003 seconds.
  tmp_KA_cdata (SQL)
  tmp_ParskatsPaValstim
    Sanitized in 0.002 seconds.
  tmp_ParskatsPaValstim (SQL)
  tmp_RezStudStat
    Sanitized in 0.002 seconds.
  tmp_RezStudStat (SQL)
  tmp_StStat
    Sanitized in 0.002 seconds.
  tmp_StStat (SQL)
  VtQoDefTemp0000
[68]
-------------------------------------
Exporting queries...          
  ApmaksasParadnieki_Stop
    Sanitized in 0.002 seconds.
  ApmaksasParadnieki_Stop (SQL)
  ApmaksasParadnieki_Uzdatumu
    Sanitized in 0.002 seconds.
  ApmaksasParadnieki_Uzdatumu (SQL)
  ApmaksasParadnieki_Uzdatumu_app
    Sanitized in 0.003 seconds.
  ApmaksasParadnieki_Uzdatumu_app (SQL)
  Brivas istabas
    Sanitized in 0.001 seconds.
  Brivas istabas (SQL)
  Copy of VIA_LigIst_Stat_Inv_IKartes
    Sanitized in 0.002 seconds.
  Copy of VIA_LigIst_Stat_Inv_IKartes (SQL)
  Copy Of VIA_LigIstStat_All_LigReg
    Sanitized in 0.003 seconds.
  Copy Of VIA_LigIstStat_All_LigReg (SQL)
  Copy Of VIA_LigIstStat_All_LigReg_UzDat
    Sanitized in 0.005 seconds.
  Copy Of VIA_LigIstStat_All_LigReg_UzDat (SQL)
  Copy2 Of VIA_LigIstStat_All_LigReg_UzDat
    Sanitized in 0.005 seconds.
  Copy2 Of VIA_LigIstStat_All_LigReg_UzDat (SQL)
  dbo_st_STOP_fp
    Sanitized in 0.001 seconds.
  dbo_st_STOP_fp (SQL)
  IstPA_ApmaksasQuest
    Sanitized in 0.001 seconds.
  IstPA_ApmaksasQuest (SQL)
  IstPA_ApmaksasStavoklis
    Sanitized in 0.002 seconds.
  IstPA_ApmaksasStavoklis (SQL)
  IstPA_Samaksa
    Sanitized in 0.001 seconds.
  IstPA_Samaksa (SQL)
  IstPA_Sar
    Sanitized in 0.002 seconds.
  IstPA_Sar (SQL)
  JTM_BridPazin
    Sanitized in 0.001 seconds.
  JTM_BridPazin (SQL)
  JTM_IeejasKartes
    Sanitized in 0.002 seconds.
  JTM_IeejasKartes (SQL)
  JTM_Lig_InvIst
    Sanitized in 0.001 seconds.
  JTM_Lig_InvIst (SQL)
  JTM_Lig_InvSanem
    Sanitized in 0.001 seconds.
  JTM_Lig_InvSanem (SQL)
  JTM_LIg_Maksajumi
    Sanitized in 0.001 seconds.
  JTM_LIg_Maksajumi (SQL)
  KA_Autostavvietas_Karsu_Nr
    Sanitized in 0.001 seconds.
  KA_Autostavvietas_Karsu_Nr (SQL)
  KA_Caurlaides_sar
    Sanitized in 0.002 seconds.
  KA_Caurlaides_sar (SQL)
  KA_Kursanti
    Sanitized in 0.001 seconds.
  KA_Kursanti (SQL)
  KA_ML_Atlauju_Pieprasijumi_lb_src
    Sanitized in 0.002 seconds.
  KA_ML_Atlauju_Pieprasijumi_lb_src (SQL)
  LigumaInfo
    Sanitized in 0.003 seconds.
  LigumaInfo (SQL)
  LigumaInfo_PEKonv
    Sanitized in 0.001 seconds.
  LigumaInfo_PEKonv (SQL)
  mkt_LigBezPID1_delRec
    Sanitized in 0.001 seconds.
  mkt_LigBezPID1_delRec (SQL)
  mkt_LigBezPID2
    Sanitized in 0.001 seconds.
  mkt_LigBezPID2 (SQL)
  mkt_LigBezPID3
    Sanitized in 0.001 seconds.
  mkt_LigBezPID3 (SQL)
  mkt_LigBezPID4
    Sanitized in 0.001 seconds.
  mkt_LigBezPID4 (SQL)
  MZAkts
    Sanitized in 0.001 seconds.
  MZAkts (SQL)
  ParskatsIst_Maks
    Sanitized in 0.002 seconds.
  ParskatsIst_Maks (SQL)
  ParskatsPaTipiem
    Sanitized in 0.001 seconds.
  ParskatsPaTipiem (SQL)
  ParskatsPaTT
    Sanitized in 0.001 seconds.
  ParskatsPaTT (SQL)
  ParskatsPaTT_Naktis_gr_1
    Sanitized in 0.001 seconds.
  ParskatsPaTT_Naktis_gr_1 (SQL)
  ParskatsPaTT_Summas
    Sanitized in 0.002 seconds.
  ParskatsPaTT_Summas (SQL)
  ParskatsPaTT_Summas_gr
    Sanitized in 0.001 seconds.
  ParskatsPaTT_Summas_gr (SQL)
  ParskatsPaValstim
    Sanitized in 0.000 seconds.
  ParskatsPaValstim (SQL)
  ParskatsPaValstim_gr_1
    Sanitized in 0.001 seconds.
  ParskatsPaValstim_gr_1 (SQL)
  ParskatsPaValstim_gr_2
    Sanitized in 0.001 seconds.
  ParskatsPaValstim_gr_2 (SQL)
  ParskatsPaValstim_Naktis_gr_1
    Sanitized in 0.001 seconds.
  ParskatsPaValstim_Naktis_gr_1 (SQL)
  ParskatsPaValstim_Pers_gr_1
    Sanitized in 0.001 seconds.
  ParskatsPaValstim_Pers_gr_1 (SQL)
  ParskatsPaValstim_Pers_gr_2
    Sanitized in 0.001 seconds.
  ParskatsPaValstim_Pers_gr_2 (SQL)
  ParskatsPaValstim_Pers_gr_3
    Sanitized in 0.001 seconds.
  ParskatsPaValstim_Pers_gr_3 (SQL)
  ParskatsPaValstim_Valstis_gr
    Sanitized in 0.001 seconds.
  ParskatsPaValstim_Valstis_gr (SQL)
  qryBrivasVietas
    Sanitized in 0.001 seconds.
  qryBrivasVietas (SQL)
  qryBrivasVietas_MG_sar
    Sanitized in 0.001 seconds.
  qryBrivasVietas_MG_sar (SQL)
  qryBrivasVietas_Sar
    Sanitized in 0.002 seconds.
  qryBrivasVietas_Sar (SQL)
  qryBrivasVietas_Sar_R
    Sanitized in 0.002 seconds.
  qryBrivasVietas_Sar_R (SQL)
  qryBrivasVietas_sar_R_13
    Sanitized in 0.002 seconds.
  qryBrivasVietas_sar_R_13 (SQL)
  qryBrivasVietas_sar_R_14
    Sanitized in 0.002 seconds.
  qryBrivasVietas_sar_R_14 (SQL)
  qryBrivasVietas_sar_R_15
    Sanitized in 0.002 seconds.
  qryBrivasVietas_sar_R_15 (SQL)
  qryBrivasVietas_sar_R_16
    Sanitized in 0.002 seconds.
  qryBrivasVietas_sar_R_16 (SQL)
  qryBrivasVietas_sar_R_17
    Sanitized in 0.002 seconds.
  qryBrivasVietas_sar_R_17 (SQL)
  qryBrivasVietas_sar_R_18
    Sanitized in 0.003 seconds.
  qryBrivasVietas_sar_R_18 (SQL)
  qryBrivasVietas_sar_R_19
    Sanitized in 0.003 seconds.
  qryBrivasVietas_sar_R_19 (SQL)
  qryBrivasVietas_sar_R_19_nenosl
    Sanitized in 0.003 seconds.
  qryBrivasVietas_sar_R_19_nenosl (SQL)
  qryBrivasVietas_sar_R_20
    Sanitized in 0.003 seconds.
  qryBrivasVietas_sar_R_20 (SQL)
  qryBrivasVietas_sar_R_21
    Sanitized in 0.003 seconds.
  qryBrivasVietas_sar_R_21 (SQL)
  qryBrivasVietas_sar_R_22
    Sanitized in 0.003 seconds.
  qryBrivasVietas_sar_R_22 (SQL)
  qryBrivasVietas_sar_R_23
    Sanitized in 0.003 seconds.
  qryBrivasVietas_sar_R_23 (SQL)
  qryBrivasVietas_sar_R_24
    Sanitized in 0.004 seconds.
  qryBrivasVietas_sar_R_24 (SQL)
  qryBrivasVietasAiznVSk
    Sanitized in 0.001 seconds.
  qryBrivasVietasAiznVSk (SQL)
  qryBrivasVietasAiznVSk_13
    Sanitized in 0.001 seconds.
  qryBrivasVietasAiznVSk_13 (SQL)
  qryBrivasVietasAiznVSk_14
    Sanitized in 0.001 seconds.
  qryBrivasVietasAiznVSk_14 (SQL)
  qryBrivasVietasAiznVSk_15
    Sanitized in 0.001 seconds.
  qryBrivasVietasAiznVSk_15 (SQL)
  qryBrivasVietasAiznVSk_16
    Sanitized in 0.001 seconds.
  qryBrivasVietasAiznVSk_16 (SQL)
  qryBrivasVietasAiznVSk_17
    Sanitized in 0.001 seconds.
  qryBrivasVietasAiznVSk_17 (SQL)
  qryBrivasVietasAiznVSk_18
    Sanitized in 0.001 seconds.
  qryBrivasVietasAiznVSk_18 (SQL)
  qryBrivasVietasAiznVSk_19
    Sanitized in 0.001 seconds.
  qryBrivasVietasAiznVSk_19 (SQL)
  qryBrivasVietasAiznVSk_20
    Sanitized in 0.001 seconds.
  qryBrivasVietasAiznVSk_20 (SQL)
  qryBrivasVietasAiznVSk_21
    Sanitized in 0.001 seconds.
  qryBrivasVietasAiznVSk_21 (SQL)
  qryBrivasVietasAiznVSk_22
    Sanitized in 0.001 seconds.
  qryBrivasVietasAiznVSk_22 (SQL)
  qryBrivasVietasAiznVSk_23
    Sanitized in 0.001 seconds.
  qryBrivasVietasAiznVSk_23 (SQL)
  qryBrivasVietasAiznVSk_24
    Sanitized in 0.001 seconds.
  qryBrivasVietasAiznVSk_24 (SQL)
  qryBrivasVietasRez
    Sanitized in 0.001 seconds.
  qryBrivasVietasRez (SQL)
  qryBrivasVietasRez_R
    Sanitized in 0.001 seconds.
  qryBrivasVietasRez_R (SQL)
  qryBrivasVietasValstis_Sar
    Sanitized in 0.003 seconds.
  qryBrivasVietasValstis_Sar (SQL)
  qryBrivasVietasValstis_Sar_13
    Sanitized in 0.003 seconds.
  qryBrivasVietasValstis_Sar_13 (SQL)
  qryBrivasVietasValstis_Sar_14
    Sanitized in 0.003 seconds.
  qryBrivasVietasValstis_Sar_14 (SQL)
  qryBrivasVietasValstis_Sar_15
    Sanitized in 0.003 seconds.
  qryBrivasVietasValstis_Sar_15 (SQL)
  qryBrivasVietasValstis_Sar_16
    Sanitized in 0.003 seconds.
  qryBrivasVietasValstis_Sar_16 (SQL)
  qryBrivasVietasValstis_Sar_17
    Sanitized in 0.003 seconds.
  qryBrivasVietasValstis_Sar_17 (SQL)
  qryBrivasVietasValstis_Sar_18
    Sanitized in 0.004 seconds.
  qryBrivasVietasValstis_Sar_18 (SQL)
  qryBrivasVietasValstis_Sar_19
    Sanitized in 0.003 seconds.
  qryBrivasVietasValstis_Sar_19 (SQL)
  qryBrivasVietasValstis_Sar_20
    Sanitized in 0.003 seconds.
  qryBrivasVietasValstis_Sar_20 (SQL)
  qryBrivasVietasValstis_Sar_21
    Sanitized in 0.003 seconds.
  qryBrivasVietasValstis_Sar_21 (SQL)
  qryBrivasVietasValstis_Sar_22
    Sanitized in 0.003 seconds.
  qryBrivasVietasValstis_Sar_22 (SQL)
  qryBrivasVietasValstis_Sar_23
    Sanitized in 0.003 seconds.
  qryBrivasVietasValstis_Sar_23 (SQL)
  qryBrivasVietasValstis_Sar_24
    Sanitized in 0.003 seconds.
  qryBrivasVietasValstis_Sar_24 (SQL)
  qryRez_dzestie
    Sanitized in 0.002 seconds.
  qryRez_dzestie (SQL)
  qryRezerv
    Sanitized in 0.005 seconds.
  qryRezerv (SQL)
  qryRezerv_pers
    Sanitized in 0.002 seconds.
  qryRezerv_pers (SQL)
  qrySTOP
    Sanitized in 0.001 seconds.
  qrySTOP (SQL)
  qryVietas_istabas
    Sanitized in 0.001 seconds.
  qryVietas_istabas (SQL)
  rez_Darbin
    Sanitized in 0.001 seconds.
  rez_Darbin (SQL)
  rez_IrIstaba
    Sanitized in 0.001 seconds.
  rez_IrIstaba (SQL)
  rez_IrLigIst
    Sanitized in 0.002 seconds.
  rez_IrLigIst (SQL)
  rez_IrLigIst_PID
    Sanitized in 0.001 seconds.
  rez_IrLigIst_PID (SQL)
  rez_IrLigums
    Sanitized in 0.001 seconds.
  rez_IrLigums (SQL)
  rez_irPIDLastMG
    Sanitized in 0.001 seconds.
  rez_irPIDLastMG (SQL)
  Rez_StudMekl
    Sanitized in 0.001 seconds.
  Rez_StudMekl (SQL)
  Rezerv_StudStat
    Sanitized in 0.003 seconds.
  Rezerv_StudStat (SQL)
  Rezerv_StudStat_gr
    Sanitized in 0.002 seconds.
  Rezerv_StudStat_gr (SQL)
  Rezervisti_13
    Sanitized in 0.001 seconds.
  Rezervisti_13 (SQL)
  Rezervisti_14
    Sanitized in 0.001 seconds.
  Rezervisti_14 (SQL)
  Rezervisti_15
    Sanitized in 0.001 seconds.
  Rezervisti_15 (SQL)
  Rezervisti_16
    Sanitized in 0.001 seconds.
  Rezervisti_16 (SQL)
  Rezervisti_17
    Sanitized in 0.001 seconds.
  Rezervisti_17 (SQL)
  Rezervisti_18
    Sanitized in 0.002 seconds.
  Rezervisti_18 (SQL)
  Rezervisti_19
    Sanitized in 0.002 seconds.
  Rezervisti_19 (SQL)
  Rezervisti_19_nenosl
    Sanitized in 0.003 seconds.
  Rezervisti_19_nenosl (SQL)
  Rezervisti_20
    Sanitized in 0.002 seconds.
  Rezervisti_20 (SQL)
  Rezervisti_21
    Sanitized in 0.002 seconds.
  Rezervisti_21 (SQL)
  Rezervisti_22
    Sanitized in 0.002 seconds.
  Rezervisti_22 (SQL)
  Rezervisti_23
    Sanitized in 0.002 seconds.
  Rezervisti_23 (SQL)
  Rezervisti_24
    Sanitized in 0.002 seconds.
  Rezervisti_24 (SQL)
  stl_PersLigData
    Sanitized in 0.001 seconds.
  stl_PersLigData (SQL)
  StStat_iss2
    Sanitized in 0.001 seconds.
  StStat_iss2 (SQL)
  StStat_MinStat
    Sanitized in 0.001 seconds.
  StStat_MinStat (SQL)
  StStat_MinStudStat2
    Sanitized in 0.001 seconds.
  StStat_MinStudStat2 (SQL)
  StudStat_kodi
    Sanitized in 0.001 seconds.
  StudStat_kodi (SQL)
  TN_saraksts
    Sanitized in 0.003 seconds.
  TN_saraksts (SQL)
  Valstis_Ligumos
    Sanitized in 0.001 seconds.
  Valstis_Ligumos (SQL)
  VIA_Ist_vsk_Uzdatumu
    Sanitized in 0.005 seconds.
  VIA_Ist_vsk_Uzdatumu (SQL)
  VIA_Ist_vsk_Uzdatumu_sar
    Sanitized in 0.002 seconds.
  VIA_Ist_vsk_Uzdatumu_sar (SQL)
  VIA_Istabas
    Sanitized in 0.001 seconds.
  VIA_Istabas (SQL)
  VIA_IstAizn_vsk_Uzdatumu
    Sanitized in 0.002 seconds.
  VIA_IstAizn_vsk_Uzdatumu (SQL)
  VIA_LigApm_Sam_ParadsLig
    Sanitized in 0.001 seconds.
  VIA_LigApm_Sam_ParadsLig (SQL)
  VIA_LigApm_Sam_ParadsPers
    Sanitized in 0.001 seconds.
  VIA_LigApm_Sam_ParadsPers (SQL)
  VIA_LigApm_Sam_Peddatums
    Sanitized in 0.001 seconds.
  VIA_LigApm_Sam_Peddatums (SQL)
  VIA_LigIst_Stat_Inv_IKartes
    Sanitized in 0.002 seconds.
  VIA_LigIst_Stat_Inv_IKartes (SQL)
  VIA_LigIst_Stat_Inv_IKartes_gr
    Sanitized in 0.001 seconds.
  VIA_LigIst_Stat_Inv_IKartes_gr (SQL)
  VIA_LigIst_Uzdatumu_LigInfo
    Sanitized in 0.002 seconds.
  VIA_LigIst_Uzdatumu_LigInfo (SQL)
  VIA_LigIst_Uzdatumu_RezInfo_19
    Sanitized in 0.002 seconds.
  VIA_LigIst_Uzdatumu_RezInfo_19 (SQL)
  VIA_LigIstAizn_Dat
    Sanitized in 0.001 seconds.
  VIA_LigIstAizn_Dat (SQL)
  VIA_LigIstAizn_Dat_data
    Sanitized in 0.001 seconds.
  VIA_LigIstAizn_Dat_data (SQL)
  VIA_LigIstAizn_Dat_IstLigSk
    Sanitized in 0.001 seconds.
  VIA_LigIstAizn_Dat_IstLigSk (SQL)
  VIA_LigIstAizn_Uzdatumu
    Sanitized in 0.001 seconds.
  VIA_LigIstAizn_Uzdatumu (SQL)
  VIA_LigIstApm_Dat_data
    Sanitized in 0.002 seconds.
  VIA_LigIstApm_Dat_data (SQL)
  VIA_LigIstApm_PecDat
    Sanitized in 0.001 seconds.
  VIA_LigIstApm_PecDat (SQL)
  VIA_LigIstApm_PecDat_data
    Sanitized in 0.001 seconds.
  VIA_LigIstApm_PecDat_data (SQL)
  VIA_LigIstApm_PedDat
    Sanitized in 0.001 seconds.
  VIA_LigIstApm_PedDat (SQL)
  VIA_LigIstApm_Peddatums
    Sanitized in 0.001 seconds.
  VIA_LigIstApm_Peddatums (SQL)
  VIA_LigIstApm_PirmsDat
    Sanitized in 0.001 seconds.
  VIA_LigIstApm_PirmsDat (SQL)
  VIA_LigIstApm_PirmsDat_data
    Sanitized in 0.001 seconds.
  VIA_LigIstApm_PirmsDat_data (SQL)
  VIA_LigIstApm_Sam_Peddatums
    Sanitized in 0.001 seconds.
  VIA_LigIstApm_Sam_Peddatums (SQL)
  VIA_LigIstApm_Uzdatumu
    Sanitized in 0.001 seconds.
  VIA_LigIstApm_Uzdatumu (SQL)
  VIA_LigIstApmAizn_Dat_data
    Sanitized in 0.001 seconds.
  VIA_LigIstApmAizn_Dat_data (SQL)
  VIA_LigIstApmAiznSamaksats_Dat_data
    Sanitized in 0.002 seconds.
  VIA_LigIstApmAiznSamaksats_Dat_data (SQL)
  VIA_LigIstIrLig_Uzdatumu
    Sanitized in 0.002 seconds.
  VIA_LigIstIrLig_Uzdatumu (SQL)
  VIA_LigIstIrLig_Uzdatumu_Summas
    Sanitized in 0.002 seconds.
  VIA_LigIstIrLig_Uzdatumu_Summas (SQL)
  VIA_LigIstIrLig_Uzdatumu_Summas_gr
    Sanitized in 0.000 seconds.
  VIA_LigIstIrLig_Uzdatumu_Summas_gr (SQL)
  VIA_LigIstIrLig_Uzdatumu_Summas_gr2
    Sanitized in 0.001 seconds.
  VIA_LigIstIrLig_Uzdatumu_Summas_gr2 (SQL)
  VIA_LigIstIrLig_Uzdatumu_Summas_gr3
    Sanitized in 0.000 seconds.
  VIA_LigIstIrLig_Uzdatumu_Summas_gr3 (SQL)
  VIA_LigIstStat_All_LigReg
    Sanitized in 0.002 seconds.
  VIA_LigIstStat_All_LigReg (SQL)
  VIA_LigIstStat_All_LigReg_Ligumi
    Sanitized in 0.001 seconds.
  VIA_LigIstStat_All_LigReg_Ligumi (SQL)
  VIA_LigIstStat_All_LigReg_UzDat
    Sanitized in 0.005 seconds.
  VIA_LigIstStat_All_LigReg_UzDat (SQL)
  VIA_LigIstStat_All_LigReg_UzDat_vneiet
    Sanitized in 0.005 seconds.

-------------------------------------
WARNING: Unable to access SQL property of query 'VIA_LigIstStat_All_LigReg_UzDat_vneiet'. SQL view may not be available for this query.
Source: clsDbQuery.Export
-------------------------------------
  VIA_LigIstStat_All_LigReg_UzDat_vneiet (SQL)
  VIA_LigIstStat_All_LigReg_UzDat_vneiet2
    Sanitized in 0.005 seconds.

-------------------------------------
WARNING: Unable to access SQL property of query 'VIA_LigIstStat_All_LigReg_UzDat_vneiet2'. SQL view may not be available for this query.
Source: clsDbQuery.Export
-------------------------------------
  VIA_LigIstStat_All_LigReg_UzDat_vneiet2 (SQL)
  VIA_LigIstStat_Maksajumi
    Sanitized in 0.001 seconds.
  VIA_LigIstStat_Maksajumi (SQL)
  VIA_LigIstStat_Maksajumi_gr
    Sanitized in 0.001 seconds.
  VIA_LigIstStat_Maksajumi_gr (SQL)
  VIA_LigIstStat_Uzdatumu
    Sanitized in 0.005 seconds.
  VIA_LigIstStat_Uzdatumu (SQL)
  VIA_LigIstStat_Uzdatumu_LigInfo_gr_vBezIstValsim
    Sanitized in 0.001 seconds.
  VIA_LigIstStat_Uzdatumu_LigInfo_gr_vBezIstValsim (SQL)
  VIA_LigIstStat_Uzdatumu_LigInfo_IstV_gr
    Sanitized in 0.002 seconds.
  VIA_LigIstStat_Uzdatumu_LigInfo_IstV_gr (SQL)
  VIA_LigIstStat_Uzdatumu_LigInfo_LigV_gr
    Sanitized in 0.002 seconds.
  VIA_LigIstStat_Uzdatumu_LigInfo_LigV_gr (SQL)
  VIA_LigIstStat_Uzdatumu_LigMaksInfo
    Sanitized in 0.001 seconds.
  VIA_LigIstStat_Uzdatumu_LigMaksInfo (SQL)
  VIA_LigIstStat_Uzdatumu_LigReg
    Sanitized in 0.004 seconds.
  VIA_LigIstStat_Uzdatumu_LigReg (SQL)
  VIA_LigSam_IstIrLig
    Sanitized in 0.002 seconds.
  VIA_LigSam_IstIrLig (SQL)
  VIA_LigSam_LigIstApm_PirmsDat
    Sanitized in 0.002 seconds.
  VIA_LigSam_LigIstApm_PirmsDat (SQL)
  VIA_LigSam_LigIstSam
    Sanitized in 0.001 seconds.
  VIA_LigSam_LigIstSam (SQL)
  VIA_parb_IstBezLig
    Sanitized in 0.001 seconds.
  VIA_parb_IstBezLig (SQL)
  VIA_parb_LigIst_Uzdatumu_LigInfo
    Sanitized in 0.002 seconds.
  VIA_parb_LigIst_Uzdatumu_LigInfo (SQL)
  VIA_parb_LigIst_Uzdatumu_LigInfo-Rez
    Sanitized in 0.002 seconds.
  VIA_parb_LigIst_Uzdatumu_LigInfo-Rez (SQL)
  VIA_PersUztDok
    Sanitized in 0.001 seconds.
  VIA_PersUztDok (SQL)
  VIA_StudStatData
    Sanitized in 0.001 seconds.
  VIA_StudStatData (SQL)
  ViesnLigKoment_LastKoment
    Sanitized in 0.001 seconds.
  ViesnLigKoment_LastKoment (SQL)
  ViesnLigKoment_MaxID
    Sanitized in 0.001 seconds.
  ViesnLigKoment_MaxID (SQL)
  z_EKonv_LigumiSpeka
    Sanitized in 0.001 seconds.
  z_EKonv_LigumiSpeka (SQL)
  z_EKonv_LigumiSpeka_1-1_KopePrevVert
    Sanitized in 0.001 seconds.
  z_EKonv_LigumiSpeka_1-1_KopePrevVert (SQL)
  z_EKonv_LigumiSpeka_1-2_KonverteUzEur
    Sanitized in 0.001 seconds.
  z_EKonv_LigumiSpeka_1-2_KonverteUzEur (SQL)
  z_EKonv_LigumiSpeka_2-1_PA_KopePrevVert
    Sanitized in 0.001 seconds.
  z_EKonv_LigumiSpeka_2-1_PA_KopePrevVert (SQL)
  z_EKonv_LigumiSpeka_2-2_PA_KonverteUzEur
    Sanitized in 0.001 seconds.
  z_EKonv_LigumiSpeka_2-2_PA_KonverteUzEur (SQL)
  z_ib_VIA_DzivoUzSodienu
    Sanitized in 0.002 seconds.
  z_ib_VIA_DzivoUzSodienu (SQL)
  z_ib_VIA_DzivoUzSodienu_ligumi
    Sanitized in 0.002 seconds.
  z_ib_VIA_DzivoUzSodienu_ligumi (SQL)
  zdel VIA_LigIst_Uzdatumu_LigInfo
    Sanitized in 0.002 seconds.
  zdel VIA_LigIst_Uzdatumu_LigInfo (SQL)
  zver_240226_ar_Cert_ VIA_LigIst_Uzdatumu_LigInfo
    Sanitized in 0.002 seconds.
  zver_240226_ar_Cert_ VIA_LigIst_Uzdatumu_LigInfo (SQL)
[185]
-------------------------------------
Exporting forms...            
  MZAkts
    Sanitized in 0.012 seconds.
  KA_Caurlaides_Reg
    Sanitized in 0.010 seconds.
  KA_PersMeklesana
    Sanitized in 0.015 seconds.
  Meklesana_Persona
    Sanitized in 0.011 seconds.
  Pers_meklesana
    Sanitized in 0.007 seconds.
  Foto
    Sanitized in 0.001 seconds.
  zdel_LigumsViesn
    Sanitized in 0.020 seconds.
  ZN2L
    Sanitized in 0.003 seconds.
  Valstis_Ligumos
    Sanitized in 0.003 seconds.
  MZAkti_sar
    Sanitized in 0.008 seconds.
  Meklesana_Persona_Jur
    Sanitized in 0.008 seconds.
  LigumsViesn_PA_sar
    Sanitized in 0.006 seconds.
  PE_LigumsViesnMaksajumi_sub
    Sanitized in 0.013 seconds.
  PE_LigumsViesnIstabinas_PASar_sub
    Sanitized in 0.005 seconds.
  MZAkts_sub
    Sanitized in 0.007 seconds.
  LigumsViesnMaksajumi_sub
    Sanitized in 0.017 seconds.
  LigumsViesnIstabinas_sub
    Sanitized in 0.005 seconds.
  LigumsViesnIstabinas_PASar_sub
    Sanitized in 0.005 seconds.
  LigumsViesnIstabinas_MZAkti_sub
    Sanitized in 0.006 seconds.
  LigumsViesnIstabinas_InvIst_sub
    Sanitized in 0.006 seconds.
  KA_STOP_saraksta_izmainas
    Sanitized in 0.003 seconds.
  VL_Komentari
    Sanitized in 0.007 seconds.
  Meklesana_Ligumam
    Sanitized in 0.012 seconds.
  zdel_KA_val
    Sanitized in 0.013 seconds.
  KA_sub_cdata
    Sanitized in 0.006 seconds.
  KA
    Sanitized in 0.018 seconds.
  VIA_VietuSkaitsUzdatumu
    Sanitized in 0.023 seconds.
  ApmaksasParadnieki_Uzdatumu
    Sanitized in 0.010 seconds.
  ParskatsPaValstim
    Sanitized in 0.004 seconds.
  Jauns_rezervists
    Sanitized in 0.007 seconds.
  Caurlaides
    Sanitized in 0.006 seconds.
  Saraksts
    Sanitized in 0.017 seconds.
  PE_LigumsViesn
    Sanitized in 0.019 seconds.
  LigumsViesn
    Sanitized in 0.038 seconds.
  STOP Ar Rokam subform
    Sanitized in 0.010 seconds.
  Personas_dati_Jur
    Sanitized in 0.006 seconds.
  LigumsViesn_Inv_sar
    Sanitized in 0.006 seconds.
  KA_Caurlaides_sar
    Sanitized in 0.009 seconds.
  Personas_dati
    Sanitized in 0.022 seconds.
  Rezervisti
    Sanitized in 0.009 seconds.
  Parskats_LabotValsti
    Sanitized in 0.004 seconds.
  STOP
    Sanitized in 0.004 seconds.
  MZAkts_Sask
    Sanitized in 0.005 seconds.
  JTM_Izz_sar
    Sanitized in 0.006 seconds.
  VL_Komentari_sub
    Sanitized in 0.004 seconds.
  PE_LigumsViesnIstabinas_PASar_Samaksa_sub
    Sanitized in 0.009 seconds.
  LigumsViesnIstabinas_PASar_Samaksa_sub
    Sanitized in 0.009 seconds.
  STL_kl_Valsts
    Sanitized in 0.005 seconds.
  Rezervisti_Saraksts
    Sanitized in 0.009 seconds.
  Prot_JaunaPers
    Sanitized in 0.006 seconds.
  Meklesana
    Sanitized in 0.007 seconds.
  Rezervisti_jauns
    Sanitized in 0.006 seconds.
  STL_kl_Adrese
    Sanitized in 0.004 seconds.
  LigumsViesnIstValstis_sub
    Sanitized in 0.004 seconds.
  MPazinojumi
    Sanitized in 0.009 seconds.
  LigumsViesnIstabinas_InvSanem_sub
    Sanitized in 0.007 seconds.
  VIA_LigIst_Uzdatumu_RezInfo_19
    Sanitized in 0.009 seconds.
  ApmaksasParadnieki_UzDat
    Sanitized in 0.002 seconds.
  JTM_Izz
    Sanitized in 0.008 seconds.
  zdel VIA_LigIst_Uzdatumu_LigInfo
    Sanitized in 0.007 seconds.
  VIA_LigIst_Uzdatumu_LigInfo
    Sanitized in 0.008 seconds.
  Rezervisti_PersRezerv
    Sanitized in 0.010 seconds.
[62]
-------------------------------------
Exporting macros...           
  Autoexec
    Sanitized in 0.000 seconds.
[1]
-------------------------------------
Exporting reports...          
  Studenta_ligums_PielADala
    Sanitized in 0.046 seconds.
  Viesa_ligums_PielADala
    Sanitized in 0.044 seconds.
  Viesa_ligums_DS
    Sanitized in 0.036 seconds.
  Studenti_InvIst_sub
    Sanitized in 0.002 seconds.
  Viesn_caurlaide
    Sanitized in 0.006 seconds.
  JTM_Pazinojums
    Sanitized in 0.093 seconds.
  Viesa_ligums_ru
    Sanitized in 0.239 seconds.
  JTM_Bridinajums
    Sanitized in 0.095 seconds.
  ViesaCiti_ligums
    Sanitized in 0.042 seconds.
  Viesa_ligums
    Sanitized in 0.066 seconds.
  Studenta_ligums
    Sanitized in 0.041 seconds.
  JTM_Pazinojums_engddd
    Sanitized in 0.845 seconds.
  MZAkts_eng
    Sanitized in 0.010 seconds.
  JTM_Pazinojums_eng
    Sanitized in 0.098 seconds.
  JTM_Izz_Dzivo
    Sanitized in 0.046 seconds.
  Viesi sub
    Sanitized in 0.004 seconds.
  Viesa_ligums_eng_sub
    Sanitized in 0.004 seconds.
  Studenti_InvSanem_sub
    Sanitized in 0.002 seconds.
  Studenti_Eng_InvIst_sub
    Sanitized in 0.003 seconds.
  Studenti sub
    Sanitized in 0.003 seconds.
  MZAkts_sub
    Sanitized in 0.003 seconds.
  MZAkts_eng_sub
    Sanitized in 0.003 seconds.
  Studenti_Eng_InvSanem_sub
    Sanitized in 0.002 seconds.
  ViesaCiti_ligums_eng
    Sanitized in 0.112 seconds.
  Viesa_ligums_eng
    Sanitized in 0.105 seconds.
  Viesa_ligums_DS_eng
    Sanitized in 0.061 seconds.
  Studenta_ligums_eng
    Sanitized in 0.112 seconds.
  JTM_Izz_Dzivo_eng
    Sanitized in 0.046 seconds.
  JTM_Bridinajums_eng
    Sanitized in 0.096 seconds.
  MZAkts
    Sanitized in 0.010 seconds.
[30]
-------------------------------------
Exporting doc properties...   
  Database Documents
[3]
-------------------------------------
Exporting nav pane groups...  
  Groups
[2]
-------------------------------------
Done. (23.78 seconds)

--------------------------------------------------
                PERFORMANCE REPORTS
--------------------------------------------------
Category                      Count     Seconds
--------------------------------------------------
Reports                       30        10.23
Queries                       185       9.42
Forms                         62        1.89
Tables                        68        1.15
DB Connections                3         0.31
Doc Properties                3         0.18
DB Properties                 41        0.16
Modules                       4         0.06
Nav Pane Groups               2         0.05
VBE References                3         0.04
Proj Properties               2         0.03
Saved Specs                   1         0.03
Macros                        1         0.03
VB Project                    1         0.02
Project                       1         0.02
Hidden Attributes             0         0.02
Table Data Macros             0         0.01
Table Data                    0         0.00
Shared Images                 0         0.00
Relations                     0         0.00
IMEX Specs                    0         0.00
Themes                        0         0.00
CommandBars                   0         0.00
VBE Forms                     0         0.00
--------------------------------------------------
TOTALS:                       407       23.67
--------------------------------------------------

--------------------------------------------------
Operations                    Count     Seconds
--------------------------------------------------
App.SaveAsText()              278       4.90
Format SQL                    183       4.21
Sanitize File                 278       4.19
Read File                     296       1.53
Read File DevMode             92        1.19
Convert to JSON               3267      1.06
Write File                    674       0.67
Compute SHA256                893       0.56
Save Query SQL                185       0.54
Increment Progress            718       0.48
Scan DB Objects               1         0.41
Get File Property Hash        359       0.24
Read File Bytes               296       0.20
Console Updates               9         0.12
Delete File                   297       0.10
App.ExportXML()               14        0.08
modFileAccess.VerifyPath      966       0.07
Get Modified Date             776       0.07
modFileAccess.GetUncPath      114       0.06
Get VBA Hash                  96        0.05
Check for linked table        68        0.04
Save Table SQL                14        0.04
Sanitize VBA Code             74        0.03
Sanitize XML                  14        0.02
Format XML                    14        0.02
Export VBE Module             4         0.02
Close Open Objects            1         0.00
Quick Count Objects           1         0.00
Quick Count Files             1         0.00
Clear Orphaned Files          9         0.00
Clear Files by Ext            6         0.00
--------------------------------------------------
Other Operations                        2.86
--------------------------------------------------


