-------------------------------------
Beginning Export of Source Files
Viesnica.mdb
VCS Version 4.1.2
Full Path: C:\github\MSAcc-Viesnica\Viesnica.mdb
Export Folder: C:\github\MSAcc-Viesnica\Viesnica.mdb.src\
Using Fast Save
25.07.2025 10:24:17
-------------------------------------
Scanning for changes...
No modified db connections found in this database.
No modified project found in this database.
No modified vb project found in this database.
No modified vbe references found in this database.
No modified vbe forms found in this database.
No modified proj properties found in this database.
No modified saved specs found in this database.
No modified modules found in this database.
No modified commandbars found in this database.
No modified shared images found in this database.
No modified themes found in this database.
No modified db properties found in this database.
No modified imex specs found in this database.
No modified tables found in this database.
No modified queries found in this database.
No modified macros found in this database.
No modified reports found in this database.
No modified table data found in this database.
No modified table data macros found in this database.
No modified relations found in this database.
No modified doc properties found in this database.
No modified nav pane groups found in this database.
No modified hidden attributes found in this database.
-------------------------------------
Exporting forms...            
  KA_Caurlaides_Reg
    Sanitized in 0.012 seconds.
[1]
Added default .gitignore file
Added default .gitattributes file
-------------------------------------
Done. (1.88 seconds)

--------------------------------------------------
                PERFORMANCE REPORTS
--------------------------------------------------
Category                      Count     Seconds
--------------------------------------------------
Forms                         1         0.32
Queries                       0         0.30
DB Connections                0         0.25
Tables                        0         0.20
Doc Properties                0         0.17
DB Properties                 0         0.13
Reports                       0         0.08
Nav Pane Groups               0         0.03
CommandBars                   0         0.03
Saved Specs                   0         0.03
Hidden Attributes             0         0.03
VBE References                0         0.02
Table Data Macros             0         0.01
Proj Properties               0         0.01
Modules                       0         0.01
VB Project                    0         0.01
Project                       0         0.01
Macros                        0         0.00
Table Data                    0         0.00
Shared Images                 0         0.00
Relations                     0         0.00
IMEX Specs                    0         0.00
Themes                        0         0.00
VBE Forms                     0         0.00
--------------------------------------------------
TOTALS:                       1         1.64
--------------------------------------------------

--------------------------------------------------
Operations                    Count     Seconds
--------------------------------------------------
Scan DB Objects               1         0.55
Clear Orphaned Files          16        0.52
Convert to JSON               503       0.22
Check for linked table        136       0.08
Increment Progress            669       0.07
Parse JSON                    1         0.07
Get VBA Hash                  96        0.04
Console Updates               4         0.04
Close Open Objects            1         0.03
Sanitize File                 1         0.01
Quick Count Files             1         0.01
Parse JSON ISO Date           360       0.01
Compute SHA256                97        0.01
App.SaveAsText()              1         0.01
Quick Count Objects           1         0.00
Read File DevMode             1         0.00
Get File Property Hash        2         0.00
Read File                     2         0.00
Write File                    2         0.00
Delete File                   3         0.00
Sanitize VBA Code             1         0.00
Read File Bytes               1         0.00
modFileAccess.VerifyPath      3         0.00
Get Modified Date             2         0.00
modFileAccess.GetUncPath      2         0.00
--------------------------------------------------
Other Operations                        0.19
--------------------------------------------------


